2020-04-03 20:01:06,052 INFO org.springframework.boot.test.context.SpringBootTestContextBootstrapper [main] Neither @ContextConfiguration nor @ContextHierarchy found for test class [com.sapient.rulesengine.RulesEngineApplicationTests], using SpringBootContextLoader
2020-04-03 20:01:06,057 INFO org.springframework.test.context.support.AbstractContextLoader [main] Could not detect default resource locations for test class [com.sapient.rulesengine.RulesEngineApplicationTests]: no resource found for suffixes {-context.xml, Context.groovy}.
2020-04-03 20:01:06,057 INFO org.springframework.test.context.support.AnnotationConfigContextLoaderUtils [main] Could not detect default configuration classes for test class [com.sapient.rulesengine.RulesEngineApplicationTests]: RulesEngineApplicationTests does not declare any static, non-private, non-final, nested classes annotated with @Configuration.
2020-04-03 20:01:06,170 INFO org.springframework.boot.test.context.SpringBootTestContextBootstrapper [main] Found @SpringBootConfiguration com.sapient.rulesengine.RulesEngineApplication for test class com.sapient.rulesengine.RulesEngineApplicationTests
2020-04-03 20:01:06,260 INFO org.springframework.boot.test.context.SpringBootTestContextBootstrapper [main] Loaded default TestExecutionListener class names from location [META-INF/spring.factories]: [org.springframework.boot.test.mock.mockito.MockitoTestExecutionListener, org.springframework.boot.test.mock.mockito.ResetMocksTestExecutionListener, org.springframework.boot.test.autoconfigure.restdocs.RestDocsTestExecutionListener, org.springframework.boot.test.autoconfigure.web.client.MockRestServiceServerResetTestExecutionListener, org.springframework.boot.test.autoconfigure.web.servlet.MockMvcPrintOnlyOnFailureTestExecutionListener, org.springframework.boot.test.autoconfigure.web.servlet.WebDriverTestExecutionListener, org.springframework.test.context.web.ServletTestExecutionListener, org.springframework.test.context.support.DirtiesContextBeforeModesTestExecutionListener, org.springframework.test.context.support.DependencyInjectionTestExecutionListener, org.springframework.test.context.support.DirtiesContextTestExecutionListener, org.springframework.test.context.transaction.TransactionalTestExecutionListener, org.springframework.test.context.jdbc.SqlScriptsTestExecutionListener, org.springframework.test.context.event.EventPublishingTestExecutionListener]
2020-04-03 20:01:06,269 INFO org.springframework.boot.test.context.SpringBootTestContextBootstrapper [main] Using TestExecutionListeners: [org.springframework.test.context.web.ServletTestExecutionListener@62dae245, org.springframework.test.context.support.DirtiesContextBeforeModesTestExecutionListener@4b6579e8, org.springframework.boot.test.mock.mockito.MockitoTestExecutionListener@6fff253c, org.springframework.boot.test.autoconfigure.SpringBootDependencyInjectionTestExecutionListener@6c6357f9, org.springframework.test.context.support.DirtiesContextTestExecutionListener@591e58fa, org.springframework.test.context.event.EventPublishingTestExecutionListener@3954d008, org.springframework.boot.test.mock.mockito.ResetMocksTestExecutionListener@2f94c4db, org.springframework.boot.test.autoconfigure.restdocs.RestDocsTestExecutionListener@593e824f, org.springframework.boot.test.autoconfigure.web.client.MockRestServiceServerResetTestExecutionListener@72ccd81a, org.springframework.boot.test.autoconfigure.web.servlet.MockMvcPrintOnlyOnFailureTestExecutionListener@6d8792db, org.springframework.boot.test.autoconfigure.web.servlet.WebDriverTestExecutionListener@64bc21ac]
2020-04-03 20:01:07,542 INFO org.springframework.cloud.config.client.ConfigServicePropertySourceLocator [main] Fetching config from server at : http://localhost:8888
2020-04-03 20:01:09,622 INFO org.springframework.cloud.config.client.ConfigServicePropertySourceLocator [main] Connect Timeout Exception on Url - http://localhost:8888. Will be trying the next url if available
2020-04-03 20:01:09,623 WARN org.springframework.cloud.config.client.ConfigServicePropertySourceLocator [main] Could not locate PropertySource: I/O error on GET request for "http://localhost:8888/rules-engine/default": Connection refused: connect; nested exception is java.net.ConnectException: Connection refused: connect
2020-04-03 20:01:09,637 INFO com.sapient.rulesengine.RulesEngineApplicationTests [main] No active profile set, falling back to default profiles: default
2020-04-03 20:01:10,623 WARN org.springframework.boot.actuate.endpoint.EndpointId [main] Endpoint ID 'service-registry' contains invalid characters, please migrate to a valid format.
2020-04-03 20:01:10,780 INFO org.springframework.cloud.context.scope.GenericScope [main] BeanFactory id=f79187a7-18a8-36c7-b375-6f21dbf9baf5
2020-04-03 20:01:10,952 INFO org.springframework.context.support.PostProcessorRegistrationDelegate$BeanPostProcessorChecker [main] Bean 'com.sapient.rulesengine.RulesServiceProxy' of type [org.springframework.cloud.openfeign.FeignClientFactoryBean] is not eligible for getting processed by all BeanPostProcessors (for example: not eligible for auto-proxying)
2020-04-03 20:01:11,437 WARN com.netflix.config.sources.URLConfigurationSource [main] No URLs will be polled as dynamic configuration sources.
2020-04-03 20:01:11,437 INFO com.netflix.config.sources.URLConfigurationSource [main] To enable URLs as dynamic configuration sources, define System property archaius.configurationSource.additionalUrls or make config.properties available on classpath.
2020-04-03 20:01:11,452 INFO com.netflix.config.DynamicPropertyFactory [main] DynamicPropertyFactory is initialized with configuration sources: com.netflix.config.ConcurrentCompositeConfiguration@6dbbdf92
2020-04-03 20:01:12,547 INFO org.springframework.boot.actuate.endpoint.web.EndpointLinksResolver [main] Exposing 2 endpoint(s) beneath base path '/actuator'
2020-04-03 20:01:12,797 INFO springfox.documentation.spring.web.PropertySourcedRequestMappingHandlerMapping [main] Mapped URL path [/v2/api-docs] onto method [springfox.documentation.swagger2.web.Swagger2Controller#getDocumentation(String, HttpServletRequest)]
2020-04-03 20:01:13,008 WARN com.netflix.config.sources.URLConfigurationSource [main] No URLs will be polled as dynamic configuration sources.
2020-04-03 20:01:13,008 INFO com.netflix.config.sources.URLConfigurationSource [main] To enable URLs as dynamic configuration sources, define System property archaius.configurationSource.additionalUrls or make config.properties available on classpath.
2020-04-03 20:01:13,324 INFO org.springframework.scheduling.concurrent.ThreadPoolTaskExecutor [main] Initializing ExecutorService 'applicationTaskExecutor'
2020-04-03 20:01:14,081 INFO org.mongodb.driver.cluster [main] Cluster created with settings {hosts=[localhost:27017], mode=SINGLE, requiredClusterType=UNKNOWN, serverSelectionTimeout='30000 ms', maxWaitQueueSize=500}
2020-04-03 20:01:14,131 INFO org.mongodb.driver.connection [cluster-ClusterId{value='5e8748b27a90737e697831eb', description='null'}-localhost:27017] Opened connection [connectionId{localValue:1, serverValue:184}] to localhost:27017
2020-04-03 20:01:14,138 INFO org.mongodb.driver.cluster [cluster-ClusterId{value='5e8748b27a90737e697831eb', description='null'}-localhost:27017] Monitor thread successfully connected to server with description ServerDescription{address=localhost:27017, type=STANDALONE, state=CONNECTED, ok=true, version=ServerVersion{versionList=[4, 2, 3]}, minWireVersion=0, maxWireVersion=8, maxDocumentSize=16777216, logicalSessionTimeoutMinutes=30, roundTripTimeNanos=3946600}
2020-04-03 20:01:14,602 WARN org.springframework.cloud.loadbalancer.config.BlockingLoadBalancerClientAutoConfiguration$BlockingLoadBalancerClientRibbonWarnLogger [main] You already have RibbonLoadBalancerClient on your classpath. It will be used by default. As Spring Cloud Ribbon is in maintenance mode. We recommend switching to BlockingLoadBalancerClient instead. In order to use it, set the value of `spring.cloud.loadbalancer.ribbon.enabled` to `false` or remove spring-cloud-starter-netflix-ribbon from your project.
2020-04-03 20:01:14,712 INFO springfox.documentation.spring.web.plugins.DocumentationPluginsBootstrapper [main] Context refreshed
2020-04-03 20:01:14,726 INFO springfox.documentation.spring.web.plugins.DocumentationPluginsBootstrapper [main] Found 1 custom documentation plugin(s)
2020-04-03 20:01:14,763 INFO springfox.documentation.spring.web.scanners.ApiListingReferenceScanner [main] Scanning for api listing references
2020-04-03 20:01:14,935 INFO springfox.documentation.spring.web.readers.operation.CachingOperationNameGenerator [main] Generating unique operation named: handleUsingGET_1
2020-04-03 20:01:14,938 INFO springfox.documentation.spring.web.readers.operation.CachingOperationNameGenerator [main] Generating unique operation named: handleUsingGET_2
2020-04-03 20:01:14,988 INFO com.sapient.rulesengine.RulesEngineApplicationTests [main] Started RulesEngineApplicationTests in 8.546 seconds (JVM running for 9.776)
2020-04-03 20:01:15,608 DEBUG com.sapient.logger.LeaderboardAspectLogger [main] Before
2020-04-03 20:01:15,608 DEBUG com.sapient.logger.LeaderboardAspectLogger [main] After
2020-04-03 20:01:15,667 DEBUG com.sapient.logger.LeaderboardAspectLogger [main] Before
2020-04-03 20:01:15,667 DEBUG com.sapient.logger.LeaderboardAspectLogger [main] After
2020-04-03 20:01:15,683 INFO org.springframework.cloud.netflix.eureka.InstanceInfoFactory [SpringContextShutdownHook] Setting initial instance status as: STARTING
2020-04-03 20:01:15,686 INFO org.springframework.cloud.netflix.eureka.serviceregistry.EurekaServiceRegistry [SpringContextShutdownHook] Unregistering application RULES-ENGINE with eureka with status DOWN
2020-04-03 20:01:15,691 INFO org.springframework.scheduling.concurrent.ThreadPoolTaskExecutor [SpringContextShutdownHook] Shutting down ExecutorService 'applicationTaskExecutor'
2020-04-03 20:03:13,786 INFO org.springframework.boot.test.context.SpringBootTestContextBootstrapper [main] Neither @ContextConfiguration nor @ContextHierarchy found for test class [com.sapient.rulesengine.RulesEngineApplicationTests], using SpringBootContextLoader
2020-04-03 20:03:13,801 INFO org.springframework.test.context.support.AbstractContextLoader [main] Could not detect default resource locations for test class [com.sapient.rulesengine.RulesEngineApplicationTests]: no resource found for suffixes {-context.xml, Context.groovy}.
2020-04-03 20:03:13,802 INFO org.springframework.test.context.support.AnnotationConfigContextLoaderUtils [main] Could not detect default configuration classes for test class [com.sapient.rulesengine.RulesEngineApplicationTests]: RulesEngineApplicationTests does not declare any static, non-private, non-final, nested classes annotated with @Configuration.
2020-04-03 20:03:14,049 INFO org.springframework.boot.test.context.SpringBootTestContextBootstrapper [main] Found @SpringBootConfiguration com.sapient.rulesengine.RulesEngineApplication for test class com.sapient.rulesengine.RulesEngineApplicationTests
2020-04-03 20:03:14,261 INFO org.springframework.boot.test.context.SpringBootTestContextBootstrapper [main] Loaded default TestExecutionListener class names from location [META-INF/spring.factories]: [org.springframework.boot.test.mock.mockito.MockitoTestExecutionListener, org.springframework.boot.test.mock.mockito.ResetMocksTestExecutionListener, org.springframework.boot.test.autoconfigure.restdocs.RestDocsTestExecutionListener, org.springframework.boot.test.autoconfigure.web.client.MockRestServiceServerResetTestExecutionListener, org.springframework.boot.test.autoconfigure.web.servlet.MockMvcPrintOnlyOnFailureTestExecutionListener, org.springframework.boot.test.autoconfigure.web.servlet.WebDriverTestExecutionListener, org.springframework.test.context.web.ServletTestExecutionListener, org.springframework.test.context.support.DirtiesContextBeforeModesTestExecutionListener, org.springframework.test.context.support.DependencyInjectionTestExecutionListener, org.springframework.test.context.support.DirtiesContextTestExecutionListener, org.springframework.test.context.transaction.TransactionalTestExecutionListener, org.springframework.test.context.jdbc.SqlScriptsTestExecutionListener, org.springframework.test.context.event.EventPublishingTestExecutionListener]
2020-04-03 20:03:14,285 INFO org.springframework.boot.test.context.SpringBootTestContextBootstrapper [main] Using TestExecutionListeners: [org.springframework.test.context.web.ServletTestExecutionListener@7d5d77a6, org.springframework.test.context.support.DirtiesContextBeforeModesTestExecutionListener@71b7e9c8, org.springframework.boot.test.mock.mockito.MockitoTestExecutionListener@55202ba6, org.springframework.boot.test.autoconfigure.SpringBootDependencyInjectionTestExecutionListener@2ef1fc8a, org.springframework.test.context.support.DirtiesContextTestExecutionListener@38874eb5, org.springframework.test.context.event.EventPublishingTestExecutionListener@76b019c4, org.springframework.boot.test.mock.mockito.ResetMocksTestExecutionListener@221961af, org.springframework.boot.test.autoconfigure.restdocs.RestDocsTestExecutionListener@32ddcca, org.springframework.boot.test.autoconfigure.web.client.MockRestServiceServerResetTestExecutionListener@1ddc8fc, org.springframework.boot.test.autoconfigure.web.servlet.MockMvcPrintOnlyOnFailureTestExecutionListener@77d58f3a, org.springframework.boot.test.autoconfigure.web.servlet.WebDriverTestExecutionListener@1e288c76]
2020-04-03 20:03:16,470 INFO org.springframework.cloud.config.client.ConfigServicePropertySourceLocator [main] Fetching config from server at : http://localhost:8888
2020-04-03 20:03:18,630 INFO org.springframework.cloud.config.client.ConfigServicePropertySourceLocator [main] Connect Timeout Exception on Url - http://localhost:8888. Will be trying the next url if available
2020-04-03 20:03:18,631 WARN org.springframework.cloud.config.client.ConfigServicePropertySourceLocator [main] Could not locate PropertySource: I/O error on GET request for "http://localhost:8888/rules-engine/default": Connection refused: connect; nested exception is java.net.ConnectException: Connection refused: connect
2020-04-03 20:03:18,662 INFO com.sapient.rulesengine.RulesEngineApplicationTests [main] No active profile set, falling back to default profiles: default
2020-04-03 20:03:19,886 WARN org.springframework.boot.actuate.endpoint.EndpointId [main] Endpoint ID 'service-registry' contains invalid characters, please migrate to a valid format.
2020-04-03 20:03:20,125 INFO org.springframework.cloud.context.scope.GenericScope [main] BeanFactory id=f79187a7-18a8-36c7-b375-6f21dbf9baf5
2020-04-03 20:03:20,390 INFO org.springframework.context.support.PostProcessorRegistrationDelegate$BeanPostProcessorChecker [main] Bean 'com.sapient.rulesengine.RulesServiceProxy' of type [org.springframework.cloud.openfeign.FeignClientFactoryBean] is not eligible for getting processed by all BeanPostProcessors (for example: not eligible for auto-proxying)
2020-04-03 20:03:21,017 WARN com.netflix.config.sources.URLConfigurationSource [main] No URLs will be polled as dynamic configuration sources.
2020-04-03 20:03:21,017 INFO com.netflix.config.sources.URLConfigurationSource [main] To enable URLs as dynamic configuration sources, define System property archaius.configurationSource.additionalUrls or make config.properties available on classpath.
2020-04-03 20:03:21,040 INFO com.netflix.config.DynamicPropertyFactory [main] DynamicPropertyFactory is initialized with configuration sources: com.netflix.config.ConcurrentCompositeConfiguration@13c0f4c4
2020-04-03 20:03:22,434 INFO org.springframework.boot.actuate.endpoint.web.EndpointLinksResolver [main] Exposing 2 endpoint(s) beneath base path '/actuator'
2020-04-03 20:03:22,697 INFO springfox.documentation.spring.web.PropertySourcedRequestMappingHandlerMapping [main] Mapped URL path [/v2/api-docs] onto method [springfox.documentation.swagger2.web.Swagger2Controller#getDocumentation(String, HttpServletRequest)]
2020-04-03 20:03:22,943 WARN com.netflix.config.sources.URLConfigurationSource [main] No URLs will be polled as dynamic configuration sources.
2020-04-03 20:03:22,943 INFO com.netflix.config.sources.URLConfigurationSource [main] To enable URLs as dynamic configuration sources, define System property archaius.configurationSource.additionalUrls or make config.properties available on classpath.
2020-04-03 20:03:23,332 INFO org.springframework.scheduling.concurrent.ThreadPoolTaskExecutor [main] Initializing ExecutorService 'applicationTaskExecutor'
2020-04-03 20:03:24,459 INFO org.mongodb.driver.cluster [main] Cluster created with settings {hosts=[localhost:27017], mode=SINGLE, requiredClusterType=UNKNOWN, serverSelectionTimeout='30000 ms', maxWaitQueueSize=500}
2020-04-03 20:03:24,550 INFO org.mongodb.driver.connection [cluster-ClusterId{value='5e8749347a6e0331cdf17a8d', description='null'}-localhost:27017] Opened connection [connectionId{localValue:1, serverValue:185}] to localhost:27017
2020-04-03 20:03:24,560 INFO org.mongodb.driver.cluster [cluster-ClusterId{value='5e8749347a6e0331cdf17a8d', description='null'}-localhost:27017] Monitor thread successfully connected to server with description ServerDescription{address=localhost:27017, type=STANDALONE, state=CONNECTED, ok=true, version=ServerVersion{versionList=[4, 2, 3]}, minWireVersion=0, maxWireVersion=8, maxDocumentSize=16777216, logicalSessionTimeoutMinutes=30, roundTripTimeNanos=5995500}
2020-04-03 20:03:25,128 WARN org.springframework.cloud.loadbalancer.config.BlockingLoadBalancerClientAutoConfiguration$BlockingLoadBalancerClientRibbonWarnLogger [main] You already have RibbonLoadBalancerClient on your classpath. It will be used by default. As Spring Cloud Ribbon is in maintenance mode. We recommend switching to BlockingLoadBalancerClient instead. In order to use it, set the value of `spring.cloud.loadbalancer.ribbon.enabled` to `false` or remove spring-cloud-starter-netflix-ribbon from your project.
2020-04-03 20:03:25,287 INFO springfox.documentation.spring.web.plugins.DocumentationPluginsBootstrapper [main] Context refreshed
2020-04-03 20:03:25,324 INFO springfox.documentation.spring.web.plugins.DocumentationPluginsBootstrapper [main] Found 1 custom documentation plugin(s)
2020-04-03 20:03:25,400 INFO springfox.documentation.spring.web.scanners.ApiListingReferenceScanner [main] Scanning for api listing references
2020-04-03 20:03:25,698 INFO springfox.documentation.spring.web.readers.operation.CachingOperationNameGenerator [main] Generating unique operation named: handleUsingGET_1
2020-04-03 20:03:25,705 INFO springfox.documentation.spring.web.readers.operation.CachingOperationNameGenerator [main] Generating unique operation named: handleUsingGET_2
2020-04-03 20:03:25,814 INFO com.sapient.rulesengine.RulesEngineApplicationTests [main] Started RulesEngineApplicationTests in 11.088 seconds (JVM running for 13.599)
2020-04-03 20:03:26,766 DEBUG com.sapient.logger.LeaderboardAspectLogger [main] Before
2020-04-03 20:03:26,766 DEBUG com.sapient.logger.LeaderboardAspectLogger [main] After
2020-04-03 20:03:26,843 DEBUG com.sapient.logger.LeaderboardAspectLogger [main] Before
2020-04-03 20:03:26,844 DEBUG com.sapient.logger.LeaderboardAspectLogger [main] After
2020-04-03 20:03:27,504 INFO org.springframework.cloud.netflix.eureka.InstanceInfoFactory [SpringContextShutdownHook] Setting initial instance status as: STARTING
2020-04-03 20:03:27,508 INFO org.springframework.cloud.netflix.eureka.serviceregistry.EurekaServiceRegistry [SpringContextShutdownHook] Unregistering application RULES-ENGINE with eureka with status DOWN
2020-04-03 20:03:27,517 INFO org.springframework.scheduling.concurrent.ThreadPoolTaskExecutor [SpringContextShutdownHook] Shutting down ExecutorService 'applicationTaskExecutor'
2020-04-03 20:04:30,930 INFO org.springframework.boot.test.context.SpringBootTestContextBootstrapper [main] Neither @ContextConfiguration nor @ContextHierarchy found for test class [com.sapient.rulesengine.RulesEngineApplicationTests], using SpringBootContextLoader
2020-04-03 20:04:30,946 INFO org.springframework.test.context.support.AbstractContextLoader [main] Could not detect default resource locations for test class [com.sapient.rulesengine.RulesEngineApplicationTests]: no resource found for suffixes {-context.xml, Context.groovy}.
2020-04-03 20:04:30,948 INFO org.springframework.test.context.support.AnnotationConfigContextLoaderUtils [main] Could not detect default configuration classes for test class [com.sapient.rulesengine.RulesEngineApplicationTests]: RulesEngineApplicationTests does not declare any static, non-private, non-final, nested classes annotated with @Configuration.
2020-04-03 20:04:31,225 INFO org.springframework.boot.test.context.SpringBootTestContextBootstrapper [main] Found @SpringBootConfiguration com.sapient.rulesengine.RulesEngineApplication for test class com.sapient.rulesengine.RulesEngineApplicationTests
2020-04-03 20:04:31,454 INFO org.springframework.boot.test.context.SpringBootTestContextBootstrapper [main] Loaded default TestExecutionListener class names from location [META-INF/spring.factories]: [org.springframework.boot.test.mock.mockito.MockitoTestExecutionListener, org.springframework.boot.test.mock.mockito.ResetMocksTestExecutionListener, org.springframework.boot.test.autoconfigure.restdocs.RestDocsTestExecutionListener, org.springframework.boot.test.autoconfigure.web.client.MockRestServiceServerResetTestExecutionListener, org.springframework.boot.test.autoconfigure.web.servlet.MockMvcPrintOnlyOnFailureTestExecutionListener, org.springframework.boot.test.autoconfigure.web.servlet.WebDriverTestExecutionListener, org.springframework.test.context.web.ServletTestExecutionListener, org.springframework.test.context.support.DirtiesContextBeforeModesTestExecutionListener, org.springframework.test.context.support.DependencyInjectionTestExecutionListener, org.springframework.test.context.support.DirtiesContextTestExecutionListener, org.springframework.test.context.transaction.TransactionalTestExecutionListener, org.springframework.test.context.jdbc.SqlScriptsTestExecutionListener, org.springframework.test.context.event.EventPublishingTestExecutionListener]
2020-04-03 20:04:31,475 INFO org.springframework.boot.test.context.SpringBootTestContextBootstrapper [main] Using TestExecutionListeners: [org.springframework.test.context.web.ServletTestExecutionListener@7d5d77a6, org.springframework.test.context.support.DirtiesContextBeforeModesTestExecutionListener@71b7e9c8, org.springframework.boot.test.mock.mockito.MockitoTestExecutionListener@55202ba6, org.springframework.boot.test.autoconfigure.SpringBootDependencyInjectionTestExecutionListener@2ef1fc8a, org.springframework.test.context.support.DirtiesContextTestExecutionListener@38874eb5, org.springframework.test.context.event.EventPublishingTestExecutionListener@76b019c4, org.springframework.boot.test.mock.mockito.ResetMocksTestExecutionListener@221961af, org.springframework.boot.test.autoconfigure.restdocs.RestDocsTestExecutionListener@32ddcca, org.springframework.boot.test.autoconfigure.web.client.MockRestServiceServerResetTestExecutionListener@1ddc8fc, org.springframework.boot.test.autoconfigure.web.servlet.MockMvcPrintOnlyOnFailureTestExecutionListener@77d58f3a, org.springframework.boot.test.autoconfigure.web.servlet.WebDriverTestExecutionListener@1e288c76]
2020-04-03 20:04:33,681 INFO org.springframework.cloud.config.client.ConfigServicePropertySourceLocator [main] Fetching config from server at : http://localhost:8888
2020-04-03 20:04:35,857 INFO org.springframework.cloud.config.client.ConfigServicePropertySourceLocator [main] Connect Timeout Exception on Url - http://localhost:8888. Will be trying the next url if available
2020-04-03 20:04:35,859 WARN org.springframework.cloud.config.client.ConfigServicePropertySourceLocator [main] Could not locate PropertySource: I/O error on GET request for "http://localhost:8888/rules-engine/default": Connection refused: connect; nested exception is java.net.ConnectException: Connection refused: connect
2020-04-03 20:04:35,875 INFO com.sapient.rulesengine.RulesEngineApplicationTests [main] No active profile set, falling back to default profiles: default
2020-04-03 20:04:37,251 WARN org.springframework.boot.actuate.endpoint.EndpointId [main] Endpoint ID 'service-registry' contains invalid characters, please migrate to a valid format.
2020-04-03 20:04:37,505 INFO org.springframework.cloud.context.scope.GenericScope [main] BeanFactory id=f79187a7-18a8-36c7-b375-6f21dbf9baf5
2020-04-03 20:04:37,781 INFO org.springframework.context.support.PostProcessorRegistrationDelegate$BeanPostProcessorChecker [main] Bean 'com.sapient.rulesengine.RulesServiceProxy' of type [org.springframework.cloud.openfeign.FeignClientFactoryBean] is not eligible for getting processed by all BeanPostProcessors (for example: not eligible for auto-proxying)
2020-04-03 20:04:38,374 WARN com.netflix.config.sources.URLConfigurationSource [main] No URLs will be polled as dynamic configuration sources.
2020-04-03 20:04:38,375 INFO com.netflix.config.sources.URLConfigurationSource [main] To enable URLs as dynamic configuration sources, define System property archaius.configurationSource.additionalUrls or make config.properties available on classpath.
2020-04-03 20:04:38,397 INFO com.netflix.config.DynamicPropertyFactory [main] DynamicPropertyFactory is initialized with configuration sources: com.netflix.config.ConcurrentCompositeConfiguration@13c0f4c4
2020-04-03 20:04:39,809 INFO org.springframework.boot.actuate.endpoint.web.EndpointLinksResolver [main] Exposing 2 endpoint(s) beneath base path '/actuator'
2020-04-03 20:04:40,039 INFO springfox.documentation.spring.web.PropertySourcedRequestMappingHandlerMapping [main] Mapped URL path [/v2/api-docs] onto method [springfox.documentation.swagger2.web.Swagger2Controller#getDocumentation(String, HttpServletRequest)]
2020-04-03 20:04:40,271 WARN com.netflix.config.sources.URLConfigurationSource [main] No URLs will be polled as dynamic configuration sources.
2020-04-03 20:04:40,271 INFO com.netflix.config.sources.URLConfigurationSource [main] To enable URLs as dynamic configuration sources, define System property archaius.configurationSource.additionalUrls or make config.properties available on classpath.
2020-04-03 20:04:40,671 INFO org.springframework.scheduling.concurrent.ThreadPoolTaskExecutor [main] Initializing ExecutorService 'applicationTaskExecutor'
2020-04-03 20:04:41,493 INFO org.mongodb.driver.cluster [main] Cluster created with settings {hosts=[localhost:27017], mode=SINGLE, requiredClusterType=UNKNOWN, serverSelectionTimeout='30000 ms', maxWaitQueueSize=500}
2020-04-03 20:04:41,558 INFO org.mongodb.driver.connection [cluster-ClusterId{value='5e87498187876d6dc6720002', description='null'}-localhost:27017] Opened connection [connectionId{localValue:1, serverValue:186}] to localhost:27017
2020-04-03 20:04:41,566 INFO org.mongodb.driver.cluster [cluster-ClusterId{value='5e87498187876d6dc6720002', description='null'}-localhost:27017] Monitor thread successfully connected to server with description ServerDescription{address=localhost:27017, type=STANDALONE, state=CONNECTED, ok=true, version=ServerVersion{versionList=[4, 2, 3]}, minWireVersion=0, maxWireVersion=8, maxDocumentSize=16777216, logicalSessionTimeoutMinutes=30, roundTripTimeNanos=4872100}
2020-04-03 20:04:41,960 WARN org.springframework.cloud.loadbalancer.config.BlockingLoadBalancerClientAutoConfiguration$BlockingLoadBalancerClientRibbonWarnLogger [main] You already have RibbonLoadBalancerClient on your classpath. It will be used by default. As Spring Cloud Ribbon is in maintenance mode. We recommend switching to BlockingLoadBalancerClient instead. In order to use it, set the value of `spring.cloud.loadbalancer.ribbon.enabled` to `false` or remove spring-cloud-starter-netflix-ribbon from your project.
2020-04-03 20:04:42,080 INFO springfox.documentation.spring.web.plugins.DocumentationPluginsBootstrapper [main] Context refreshed
2020-04-03 20:04:42,101 INFO springfox.documentation.spring.web.plugins.DocumentationPluginsBootstrapper [main] Found 1 custom documentation plugin(s)
2020-04-03 20:04:42,156 INFO springfox.documentation.spring.web.scanners.ApiListingReferenceScanner [main] Scanning for api listing references
2020-04-03 20:04:42,359 INFO springfox.documentation.spring.web.readers.operation.CachingOperationNameGenerator [main] Generating unique operation named: handleUsingGET_1
2020-04-03 20:04:42,366 INFO springfox.documentation.spring.web.readers.operation.CachingOperationNameGenerator [main] Generating unique operation named: handleUsingGET_2
2020-04-03 20:04:42,468 INFO com.sapient.rulesengine.RulesEngineApplicationTests [main] Started RulesEngineApplicationTests in 10.566 seconds (JVM running for 12.94)
2020-04-03 20:04:43,384 DEBUG com.sapient.logger.LeaderboardAspectLogger [main] Before
2020-04-03 20:04:43,384 DEBUG com.sapient.logger.LeaderboardAspectLogger [main] After
2020-04-03 20:04:43,449 DEBUG com.sapient.logger.LeaderboardAspectLogger [main] Before
2020-04-03 20:04:43,450 DEBUG com.sapient.logger.LeaderboardAspectLogger [main] After
2020-04-03 20:04:45,305 INFO org.springframework.cloud.netflix.eureka.InstanceInfoFactory [SpringContextShutdownHook] Setting initial instance status as: STARTING
2020-04-03 20:04:45,308 INFO org.springframework.cloud.netflix.eureka.serviceregistry.EurekaServiceRegistry [SpringContextShutdownHook] Unregistering application RULES-ENGINE with eureka with status DOWN
2020-04-03 20:04:45,316 INFO org.springframework.scheduling.concurrent.ThreadPoolTaskExecutor [SpringContextShutdownHook] Shutting down ExecutorService 'applicationTaskExecutor'
2020-04-03 20:05:21,149 INFO org.springframework.boot.test.context.SpringBootTestContextBootstrapper [main] Neither @ContextConfiguration nor @ContextHierarchy found for test class [com.sapient.rulesengine.RulesEngineApplicationTests], using SpringBootContextLoader
2020-04-03 20:05:21,162 INFO org.springframework.test.context.support.AbstractContextLoader [main] Could not detect default resource locations for test class [com.sapient.rulesengine.RulesEngineApplicationTests]: no resource found for suffixes {-context.xml, Context.groovy}.
2020-04-03 20:05:21,163 INFO org.springframework.test.context.support.AnnotationConfigContextLoaderUtils [main] Could not detect default configuration classes for test class [com.sapient.rulesengine.RulesEngineApplicationTests]: RulesEngineApplicationTests does not declare any static, non-private, non-final, nested classes annotated with @Configuration.
2020-04-03 20:05:21,434 INFO org.springframework.boot.test.context.SpringBootTestContextBootstrapper [main] Found @SpringBootConfiguration com.sapient.rulesengine.RulesEngineApplication for test class com.sapient.rulesengine.RulesEngineApplicationTests
2020-04-03 20:05:21,655 INFO org.springframework.boot.test.context.SpringBootTestContextBootstrapper [main] Loaded default TestExecutionListener class names from location [META-INF/spring.factories]: [org.springframework.boot.test.mock.mockito.MockitoTestExecutionListener, org.springframework.boot.test.mock.mockito.ResetMocksTestExecutionListener, org.springframework.boot.test.autoconfigure.restdocs.RestDocsTestExecutionListener, org.springframework.boot.test.autoconfigure.web.client.MockRestServiceServerResetTestExecutionListener, org.springframework.boot.test.autoconfigure.web.servlet.MockMvcPrintOnlyOnFailureTestExecutionListener, org.springframework.boot.test.autoconfigure.web.servlet.WebDriverTestExecutionListener, org.springframework.test.context.web.ServletTestExecutionListener, org.springframework.test.context.support.DirtiesContextBeforeModesTestExecutionListener, org.springframework.test.context.support.DependencyInjectionTestExecutionListener, org.springframework.test.context.support.DirtiesContextTestExecutionListener, org.springframework.test.context.transaction.TransactionalTestExecutionListener, org.springframework.test.context.jdbc.SqlScriptsTestExecutionListener, org.springframework.test.context.event.EventPublishingTestExecutionListener]
2020-04-03 20:05:21,681 INFO org.springframework.boot.test.context.SpringBootTestContextBootstrapper [main] Using TestExecutionListeners: [org.springframework.test.context.web.ServletTestExecutionListener@7d5d77a6, org.springframework.test.context.support.DirtiesContextBeforeModesTestExecutionListener@71b7e9c8, org.springframework.boot.test.mock.mockito.MockitoTestExecutionListener@55202ba6, org.springframework.boot.test.autoconfigure.SpringBootDependencyInjectionTestExecutionListener@2ef1fc8a, org.springframework.test.context.support.DirtiesContextTestExecutionListener@38874eb5, org.springframework.test.context.event.EventPublishingTestExecutionListener@76b019c4, org.springframework.boot.test.mock.mockito.ResetMocksTestExecutionListener@221961af, org.springframework.boot.test.autoconfigure.restdocs.RestDocsTestExecutionListener@32ddcca, org.springframework.boot.test.autoconfigure.web.client.MockRestServiceServerResetTestExecutionListener@1ddc8fc, org.springframework.boot.test.autoconfigure.web.servlet.MockMvcPrintOnlyOnFailureTestExecutionListener@77d58f3a, org.springframework.boot.test.autoconfigure.web.servlet.WebDriverTestExecutionListener@1e288c76]
2020-04-03 20:05:23,884 INFO org.springframework.cloud.config.client.ConfigServicePropertySourceLocator [main] Fetching config from server at : http://localhost:8888
2020-04-03 20:05:26,062 INFO org.springframework.cloud.config.client.ConfigServicePropertySourceLocator [main] Connect Timeout Exception on Url - http://localhost:8888. Will be trying the next url if available
2020-04-03 20:05:26,063 WARN org.springframework.cloud.config.client.ConfigServicePropertySourceLocator [main] Could not locate PropertySource: I/O error on GET request for "http://localhost:8888/rules-engine/default": Connection refused: connect; nested exception is java.net.ConnectException: Connection refused: connect
2020-04-03 20:05:26,079 INFO com.sapient.rulesengine.RulesEngineApplicationTests [main] No active profile set, falling back to default profiles: default
2020-04-03 20:05:27,422 WARN org.springframework.boot.actuate.endpoint.EndpointId [main] Endpoint ID 'service-registry' contains invalid characters, please migrate to a valid format.
2020-04-03 20:05:27,659 INFO org.springframework.cloud.context.scope.GenericScope [main] BeanFactory id=f79187a7-18a8-36c7-b375-6f21dbf9baf5
2020-04-03 20:05:27,902 INFO org.springframework.context.support.PostProcessorRegistrationDelegate$BeanPostProcessorChecker [main] Bean 'com.sapient.rulesengine.RulesServiceProxy' of type [org.springframework.cloud.openfeign.FeignClientFactoryBean] is not eligible for getting processed by all BeanPostProcessors (for example: not eligible for auto-proxying)
2020-04-03 20:05:28,523 WARN com.netflix.config.sources.URLConfigurationSource [main] No URLs will be polled as dynamic configuration sources.
2020-04-03 20:05:28,523 INFO com.netflix.config.sources.URLConfigurationSource [main] To enable URLs as dynamic configuration sources, define System property archaius.configurationSource.additionalUrls or make config.properties available on classpath.
2020-04-03 20:05:28,550 INFO com.netflix.config.DynamicPropertyFactory [main] DynamicPropertyFactory is initialized with configuration sources: com.netflix.config.ConcurrentCompositeConfiguration@13c0f4c4
2020-04-03 20:05:29,892 INFO org.springframework.boot.actuate.endpoint.web.EndpointLinksResolver [main] Exposing 2 endpoint(s) beneath base path '/actuator'
2020-04-03 20:05:30,151 INFO springfox.documentation.spring.web.PropertySourcedRequestMappingHandlerMapping [main] Mapped URL path [/v2/api-docs] onto method [springfox.documentation.swagger2.web.Swagger2Controller#getDocumentation(String, HttpServletRequest)]
2020-04-03 20:05:30,433 WARN com.netflix.config.sources.URLConfigurationSource [main] No URLs will be polled as dynamic configuration sources.
2020-04-03 20:05:30,433 INFO com.netflix.config.sources.URLConfigurationSource [main] To enable URLs as dynamic configuration sources, define System property archaius.configurationSource.additionalUrls or make config.properties available on classpath.
2020-04-03 20:05:30,900 INFO org.springframework.scheduling.concurrent.ThreadPoolTaskExecutor [main] Initializing ExecutorService 'applicationTaskExecutor'
2020-04-03 20:05:32,009 INFO org.mongodb.driver.cluster [main] Cluster created with settings {hosts=[localhost:27017], mode=SINGLE, requiredClusterType=UNKNOWN, serverSelectionTimeout='30000 ms', maxWaitQueueSize=500}
2020-04-03 20:05:32,096 INFO org.mongodb.driver.connection [cluster-ClusterId{value='5e8749b431fee27329bb63f7', description='null'}-localhost:27017] Opened connection [connectionId{localValue:1, serverValue:187}] to localhost:27017
2020-04-03 20:05:32,103 INFO org.mongodb.driver.cluster [cluster-ClusterId{value='5e8749b431fee27329bb63f7', description='null'}-localhost:27017] Monitor thread successfully connected to server with description ServerDescription{address=localhost:27017, type=STANDALONE, state=CONNECTED, ok=true, version=ServerVersion{versionList=[4, 2, 3]}, minWireVersion=0, maxWireVersion=8, maxDocumentSize=16777216, logicalSessionTimeoutMinutes=30, roundTripTimeNanos=4372400}
2020-04-03 20:05:32,696 WARN org.springframework.cloud.loadbalancer.config.BlockingLoadBalancerClientAutoConfiguration$BlockingLoadBalancerClientRibbonWarnLogger [main] You already have RibbonLoadBalancerClient on your classpath. It will be used by default. As Spring Cloud Ribbon is in maintenance mode. We recommend switching to BlockingLoadBalancerClient instead. In order to use it, set the value of `spring.cloud.loadbalancer.ribbon.enabled` to `false` or remove spring-cloud-starter-netflix-ribbon from your project.
2020-04-03 20:05:32,849 INFO springfox.documentation.spring.web.plugins.DocumentationPluginsBootstrapper [main] Context refreshed
2020-04-03 20:05:32,876 INFO springfox.documentation.spring.web.plugins.DocumentationPluginsBootstrapper [main] Found 1 custom documentation plugin(s)
2020-04-03 20:05:32,938 INFO springfox.documentation.spring.web.scanners.ApiListingReferenceScanner [main] Scanning for api listing references
2020-04-03 20:05:33,174 INFO springfox.documentation.spring.web.readers.operation.CachingOperationNameGenerator [main] Generating unique operation named: handleUsingGET_1
2020-04-03 20:05:33,179 INFO springfox.documentation.spring.web.readers.operation.CachingOperationNameGenerator [main] Generating unique operation named: handleUsingGET_2
2020-04-03 20:05:33,275 INFO com.sapient.rulesengine.RulesEngineApplicationTests [main] Started RulesEngineApplicationTests in 11.146 seconds (JVM running for 13.693)
2020-04-03 20:05:34,297 DEBUG com.sapient.logger.LeaderboardAspectLogger [main] Before
2020-04-03 20:05:34,297 DEBUG com.sapient.logger.LeaderboardAspectLogger [main] After
2020-04-03 20:05:34,369 DEBUG com.sapient.logger.LeaderboardAspectLogger [main] Before
2020-04-03 20:05:34,369 DEBUG com.sapient.logger.LeaderboardAspectLogger [main] After
2020-04-03 20:05:36,118 INFO org.springframework.cloud.netflix.eureka.InstanceInfoFactory [SpringContextShutdownHook] Setting initial instance status as: STARTING
2020-04-03 20:05:36,123 INFO org.springframework.cloud.netflix.eureka.serviceregistry.EurekaServiceRegistry [SpringContextShutdownHook] Unregistering application RULES-ENGINE with eureka with status DOWN
2020-04-03 20:05:36,132 INFO org.springframework.scheduling.concurrent.ThreadPoolTaskExecutor [SpringContextShutdownHook] Shutting down ExecutorService 'applicationTaskExecutor'
2020-04-03 20:08:14,440 INFO org.springframework.boot.test.context.SpringBootTestContextBootstrapper [main] Neither @ContextConfiguration nor @ContextHierarchy found for test class [com.sapient.rulesengine.RulesEngineApplicationTests], using SpringBootContextLoader
2020-04-03 20:08:14,458 INFO org.springframework.test.context.support.AbstractContextLoader [main] Could not detect default resource locations for test class [com.sapient.rulesengine.RulesEngineApplicationTests]: no resource found for suffixes {-context.xml, Context.groovy}.
2020-04-03 20:08:14,460 INFO org.springframework.test.context.support.AnnotationConfigContextLoaderUtils [main] Could not detect default configuration classes for test class [com.sapient.rulesengine.RulesEngineApplicationTests]: RulesEngineApplicationTests does not declare any static, non-private, non-final, nested classes annotated with @Configuration.
2020-04-03 20:08:14,720 INFO org.springframework.boot.test.context.SpringBootTestContextBootstrapper [main] Found @SpringBootConfiguration com.sapient.rulesengine.RulesEngineApplication for test class com.sapient.rulesengine.RulesEngineApplicationTests
2020-04-03 20:08:14,952 INFO org.springframework.boot.test.context.SpringBootTestContextBootstrapper [main] Loaded default TestExecutionListener class names from location [META-INF/spring.factories]: [org.springframework.boot.test.mock.mockito.MockitoTestExecutionListener, org.springframework.boot.test.mock.mockito.ResetMocksTestExecutionListener, org.springframework.boot.test.autoconfigure.restdocs.RestDocsTestExecutionListener, org.springframework.boot.test.autoconfigure.web.client.MockRestServiceServerResetTestExecutionListener, org.springframework.boot.test.autoconfigure.web.servlet.MockMvcPrintOnlyOnFailureTestExecutionListener, org.springframework.boot.test.autoconfigure.web.servlet.WebDriverTestExecutionListener, org.springframework.test.context.web.ServletTestExecutionListener, org.springframework.test.context.support.DirtiesContextBeforeModesTestExecutionListener, org.springframework.test.context.support.DependencyInjectionTestExecutionListener, org.springframework.test.context.support.DirtiesContextTestExecutionListener, org.springframework.test.context.transaction.TransactionalTestExecutionListener, org.springframework.test.context.jdbc.SqlScriptsTestExecutionListener, org.springframework.test.context.event.EventPublishingTestExecutionListener]
2020-04-03 20:08:14,976 INFO org.springframework.boot.test.context.SpringBootTestContextBootstrapper [main] Using TestExecutionListeners: [org.springframework.test.context.web.ServletTestExecutionListener@53551fef, org.springframework.test.context.support.DirtiesContextBeforeModesTestExecutionListener@7d5d77a6, org.springframework.boot.test.mock.mockito.MockitoTestExecutionListener@71b7e9c8, org.springframework.boot.test.autoconfigure.SpringBootDependencyInjectionTestExecutionListener@55202ba6, org.springframework.test.context.support.DirtiesContextTestExecutionListener@2ef1fc8a, org.springframework.test.context.event.EventPublishingTestExecutionListener@38874eb5, org.springframework.boot.test.mock.mockito.ResetMocksTestExecutionListener@76b019c4, org.springframework.boot.test.autoconfigure.restdocs.RestDocsTestExecutionListener@221961af, org.springframework.boot.test.autoconfigure.web.client.MockRestServiceServerResetTestExecutionListener@32ddcca, org.springframework.boot.test.autoconfigure.web.servlet.MockMvcPrintOnlyOnFailureTestExecutionListener@1ddc8fc, org.springframework.boot.test.autoconfigure.web.servlet.WebDriverTestExecutionListener@77d58f3a]
2020-04-03 20:08:17,165 INFO org.springframework.cloud.config.client.ConfigServicePropertySourceLocator [main] Fetching config from server at : http://localhost:8888
2020-04-03 20:08:19,346 INFO org.springframework.cloud.config.client.ConfigServicePropertySourceLocator [main] Connect Timeout Exception on Url - http://localhost:8888. Will be trying the next url if available
2020-04-03 20:08:19,348 WARN org.springframework.cloud.config.client.ConfigServicePropertySourceLocator [main] Could not locate PropertySource: I/O error on GET request for "http://localhost:8888/rules-engine/default": Connection refused: connect; nested exception is java.net.ConnectException: Connection refused: connect
2020-04-03 20:08:19,364 INFO com.sapient.rulesengine.RulesEngineApplicationTests [main] No active profile set, falling back to default profiles: default
2020-04-03 20:08:20,638 WARN org.springframework.boot.actuate.endpoint.EndpointId [main] Endpoint ID 'service-registry' contains invalid characters, please migrate to a valid format.
2020-04-03 20:08:20,865 INFO org.springframework.cloud.context.scope.GenericScope [main] BeanFactory id=f79187a7-18a8-36c7-b375-6f21dbf9baf5
2020-04-03 20:08:21,105 INFO org.springframework.context.support.PostProcessorRegistrationDelegate$BeanPostProcessorChecker [main] Bean 'com.sapient.rulesengine.RulesServiceProxy' of type [org.springframework.cloud.openfeign.FeignClientFactoryBean] is not eligible for getting processed by all BeanPostProcessors (for example: not eligible for auto-proxying)
2020-04-03 20:08:21,708 WARN com.netflix.config.sources.URLConfigurationSource [main] No URLs will be polled as dynamic configuration sources.
2020-04-03 20:08:21,708 INFO com.netflix.config.sources.URLConfigurationSource [main] To enable URLs as dynamic configuration sources, define System property archaius.configurationSource.additionalUrls or make config.properties available on classpath.
2020-04-03 20:08:21,731 INFO com.netflix.config.DynamicPropertyFactory [main] DynamicPropertyFactory is initialized with configuration sources: com.netflix.config.ConcurrentCompositeConfiguration@7339450
2020-04-03 20:08:23,085 INFO org.springframework.boot.actuate.endpoint.web.EndpointLinksResolver [main] Exposing 2 endpoint(s) beneath base path '/actuator'
2020-04-03 20:08:23,319 INFO springfox.documentation.spring.web.PropertySourcedRequestMappingHandlerMapping [main] Mapped URL path [/v2/api-docs] onto method [springfox.documentation.swagger2.web.Swagger2Controller#getDocumentation(String, HttpServletRequest)]
2020-04-03 20:08:23,553 WARN com.netflix.config.sources.URLConfigurationSource [main] No URLs will be polled as dynamic configuration sources.
2020-04-03 20:08:23,553 INFO com.netflix.config.sources.URLConfigurationSource [main] To enable URLs as dynamic configuration sources, define System property archaius.configurationSource.additionalUrls or make config.properties available on classpath.
2020-04-03 20:08:23,920 INFO org.springframework.scheduling.concurrent.ThreadPoolTaskExecutor [main] Initializing ExecutorService 'applicationTaskExecutor'
2020-04-03 20:08:24,699 INFO org.mongodb.driver.cluster [main] Cluster created with settings {hosts=[localhost:27017], mode=SINGLE, requiredClusterType=UNKNOWN, serverSelectionTimeout='30000 ms', maxWaitQueueSize=500}
2020-04-03 20:08:24,758 INFO org.mongodb.driver.connection [cluster-ClusterId{value='5e874a60e899ab18f4314d4b', description='null'}-localhost:27017] Opened connection [connectionId{localValue:1, serverValue:188}] to localhost:27017
2020-04-03 20:08:24,765 INFO org.mongodb.driver.cluster [cluster-ClusterId{value='5e874a60e899ab18f4314d4b', description='null'}-localhost:27017] Monitor thread successfully connected to server with description ServerDescription{address=localhost:27017, type=STANDALONE, state=CONNECTED, ok=true, version=ServerVersion{versionList=[4, 2, 3]}, minWireVersion=0, maxWireVersion=8, maxDocumentSize=16777216, logicalSessionTimeoutMinutes=30, roundTripTimeNanos=4432800}
2020-04-03 20:08:25,135 WARN org.springframework.cloud.loadbalancer.config.BlockingLoadBalancerClientAutoConfiguration$BlockingLoadBalancerClientRibbonWarnLogger [main] You already have RibbonLoadBalancerClient on your classpath. It will be used by default. As Spring Cloud Ribbon is in maintenance mode. We recommend switching to BlockingLoadBalancerClient instead. In order to use it, set the value of `spring.cloud.loadbalancer.ribbon.enabled` to `false` or remove spring-cloud-starter-netflix-ribbon from your project.
2020-04-03 20:08:25,262 INFO springfox.documentation.spring.web.plugins.DocumentationPluginsBootstrapper [main] Context refreshed
2020-04-03 20:08:25,282 INFO springfox.documentation.spring.web.plugins.DocumentationPluginsBootstrapper [main] Found 1 custom documentation plugin(s)
2020-04-03 20:08:25,327 INFO springfox.documentation.spring.web.scanners.ApiListingReferenceScanner [main] Scanning for api listing references
2020-04-03 20:08:25,487 INFO springfox.documentation.spring.web.readers.operation.CachingOperationNameGenerator [main] Generating unique operation named: handleUsingGET_1
2020-04-03 20:08:25,491 INFO springfox.documentation.spring.web.readers.operation.CachingOperationNameGenerator [main] Generating unique operation named: handleUsingGET_2
2020-04-03 20:08:25,573 INFO com.sapient.rulesengine.RulesEngineApplicationTests [main] Started RulesEngineApplicationTests in 10.156 seconds (JVM running for 12.815)
2020-04-03 20:08:26,482 DEBUG com.sapient.logger.LeaderboardAspectLogger [main] Before
2020-04-03 20:08:26,483 DEBUG com.sapient.logger.LeaderboardAspectLogger [main] After
2020-04-03 20:08:26,565 DEBUG com.sapient.logger.LeaderboardAspectLogger [main] Before
2020-04-03 20:08:26,566 DEBUG com.sapient.logger.LeaderboardAspectLogger [main] After
2020-04-03 20:08:28,396 INFO org.springframework.cloud.netflix.eureka.InstanceInfoFactory [SpringContextShutdownHook] Setting initial instance status as: STARTING
2020-04-03 20:08:28,399 INFO org.springframework.cloud.netflix.eureka.serviceregistry.EurekaServiceRegistry [SpringContextShutdownHook] Unregistering application RULES-ENGINE with eureka with status DOWN
2020-04-03 20:08:28,407 INFO org.springframework.scheduling.concurrent.ThreadPoolTaskExecutor [SpringContextShutdownHook] Shutting down ExecutorService 'applicationTaskExecutor'
2020-04-03 20:08:58,623 INFO org.springframework.boot.test.context.SpringBootTestContextBootstrapper [main] Neither @ContextConfiguration nor @ContextHierarchy found for test class [com.sapient.rulesengine.RulesEngineApplicationTests], using SpringBootContextLoader
2020-04-03 20:08:58,636 INFO org.springframework.test.context.support.AbstractContextLoader [main] Could not detect default resource locations for test class [com.sapient.rulesengine.RulesEngineApplicationTests]: no resource found for suffixes {-context.xml, Context.groovy}.
2020-04-03 20:08:58,637 INFO org.springframework.test.context.support.AnnotationConfigContextLoaderUtils [main] Could not detect default configuration classes for test class [com.sapient.rulesengine.RulesEngineApplicationTests]: RulesEngineApplicationTests does not declare any static, non-private, non-final, nested classes annotated with @Configuration.
2020-04-03 20:08:58,879 INFO org.springframework.boot.test.context.SpringBootTestContextBootstrapper [main] Found @SpringBootConfiguration com.sapient.rulesengine.RulesEngineApplication for test class com.sapient.rulesengine.RulesEngineApplicationTests
2020-04-03 20:08:59,105 INFO org.springframework.boot.test.context.SpringBootTestContextBootstrapper [main] Loaded default TestExecutionListener class names from location [META-INF/spring.factories]: [org.springframework.boot.test.mock.mockito.MockitoTestExecutionListener, org.springframework.boot.test.mock.mockito.ResetMocksTestExecutionListener, org.springframework.boot.test.autoconfigure.restdocs.RestDocsTestExecutionListener, org.springframework.boot.test.autoconfigure.web.client.MockRestServiceServerResetTestExecutionListener, org.springframework.boot.test.autoconfigure.web.servlet.MockMvcPrintOnlyOnFailureTestExecutionListener, org.springframework.boot.test.autoconfigure.web.servlet.WebDriverTestExecutionListener, org.springframework.test.context.web.ServletTestExecutionListener, org.springframework.test.context.support.DirtiesContextBeforeModesTestExecutionListener, org.springframework.test.context.support.DependencyInjectionTestExecutionListener, org.springframework.test.context.support.DirtiesContextTestExecutionListener, org.springframework.test.context.transaction.TransactionalTestExecutionListener, org.springframework.test.context.jdbc.SqlScriptsTestExecutionListener, org.springframework.test.context.event.EventPublishingTestExecutionListener]
2020-04-03 20:08:59,127 INFO org.springframework.boot.test.context.SpringBootTestContextBootstrapper [main] Using TestExecutionListeners: [org.springframework.test.context.web.ServletTestExecutionListener@53551fef, org.springframework.test.context.support.DirtiesContextBeforeModesTestExecutionListener@7d5d77a6, org.springframework.boot.test.mock.mockito.MockitoTestExecutionListener@71b7e9c8, org.springframework.boot.test.autoconfigure.SpringBootDependencyInjectionTestExecutionListener@55202ba6, org.springframework.test.context.support.DirtiesContextTestExecutionListener@2ef1fc8a, org.springframework.test.context.event.EventPublishingTestExecutionListener@38874eb5, org.springframework.boot.test.mock.mockito.ResetMocksTestExecutionListener@76b019c4, org.springframework.boot.test.autoconfigure.restdocs.RestDocsTestExecutionListener@221961af, org.springframework.boot.test.autoconfigure.web.client.MockRestServiceServerResetTestExecutionListener@32ddcca, org.springframework.boot.test.autoconfigure.web.servlet.MockMvcPrintOnlyOnFailureTestExecutionListener@1ddc8fc, org.springframework.boot.test.autoconfigure.web.servlet.WebDriverTestExecutionListener@77d58f3a]
2020-04-03 20:09:01,380 INFO org.springframework.cloud.config.client.ConfigServicePropertySourceLocator [main] Fetching config from server at : http://localhost:8888
2020-04-03 20:09:03,546 INFO org.springframework.cloud.config.client.ConfigServicePropertySourceLocator [main] Connect Timeout Exception on Url - http://localhost:8888. Will be trying the next url if available
2020-04-03 20:09:03,547 WARN org.springframework.cloud.config.client.ConfigServicePropertySourceLocator [main] Could not locate PropertySource: I/O error on GET request for "http://localhost:8888/rules-engine/default": Connection refused: connect; nested exception is java.net.ConnectException: Connection refused: connect
2020-04-03 20:09:03,557 INFO com.sapient.rulesengine.RulesEngineApplicationTests [main] No active profile set, falling back to default profiles: default
2020-04-03 20:09:04,942 WARN org.springframework.boot.actuate.endpoint.EndpointId [main] Endpoint ID 'service-registry' contains invalid characters, please migrate to a valid format.
2020-04-03 20:09:05,230 INFO org.springframework.cloud.context.scope.GenericScope [main] BeanFactory id=f79187a7-18a8-36c7-b375-6f21dbf9baf5
2020-04-03 20:09:05,494 INFO org.springframework.context.support.PostProcessorRegistrationDelegate$BeanPostProcessorChecker [main] Bean 'com.sapient.rulesengine.RulesServiceProxy' of type [org.springframework.cloud.openfeign.FeignClientFactoryBean] is not eligible for getting processed by all BeanPostProcessors (for example: not eligible for auto-proxying)
2020-04-03 20:09:06,053 WARN com.netflix.config.sources.URLConfigurationSource [main] No URLs will be polled as dynamic configuration sources.
2020-04-03 20:09:06,053 INFO com.netflix.config.sources.URLConfigurationSource [main] To enable URLs as dynamic configuration sources, define System property archaius.configurationSource.additionalUrls or make config.properties available on classpath.
2020-04-03 20:09:06,077 INFO com.netflix.config.DynamicPropertyFactory [main] DynamicPropertyFactory is initialized with configuration sources: com.netflix.config.ConcurrentCompositeConfiguration@31c80546
2020-04-03 20:09:07,499 INFO org.springframework.boot.actuate.endpoint.web.EndpointLinksResolver [main] Exposing 2 endpoint(s) beneath base path '/actuator'
2020-04-03 20:09:07,898 INFO springfox.documentation.spring.web.PropertySourcedRequestMappingHandlerMapping [main] Mapped URL path [/v2/api-docs] onto method [springfox.documentation.swagger2.web.Swagger2Controller#getDocumentation(String, HttpServletRequest)]
2020-04-03 20:09:08,214 WARN com.netflix.config.sources.URLConfigurationSource [main] No URLs will be polled as dynamic configuration sources.
2020-04-03 20:09:08,214 INFO com.netflix.config.sources.URLConfigurationSource [main] To enable URLs as dynamic configuration sources, define System property archaius.configurationSource.additionalUrls or make config.properties available on classpath.
2020-04-03 20:09:08,758 INFO org.springframework.scheduling.concurrent.ThreadPoolTaskExecutor [main] Initializing ExecutorService 'applicationTaskExecutor'
2020-04-03 20:09:09,878 INFO org.mongodb.driver.cluster [main] Cluster created with settings {hosts=[localhost:27017], mode=SINGLE, requiredClusterType=UNKNOWN, serverSelectionTimeout='30000 ms', maxWaitQueueSize=500}
2020-04-03 20:09:09,959 INFO org.mongodb.driver.connection [cluster-ClusterId{value='5e874a8d4783a25fe9a0d534', description='null'}-localhost:27017] Opened connection [connectionId{localValue:1, serverValue:189}] to localhost:27017
2020-04-03 20:09:09,967 INFO org.mongodb.driver.cluster [cluster-ClusterId{value='5e874a8d4783a25fe9a0d534', description='null'}-localhost:27017] Monitor thread successfully connected to server with description ServerDescription{address=localhost:27017, type=STANDALONE, state=CONNECTED, ok=true, version=ServerVersion{versionList=[4, 2, 3]}, minWireVersion=0, maxWireVersion=8, maxDocumentSize=16777216, logicalSessionTimeoutMinutes=30, roundTripTimeNanos=4445200}
2020-04-03 20:09:10,482 WARN org.springframework.cloud.loadbalancer.config.BlockingLoadBalancerClientAutoConfiguration$BlockingLoadBalancerClientRibbonWarnLogger [main] You already have RibbonLoadBalancerClient on your classpath. It will be used by default. As Spring Cloud Ribbon is in maintenance mode. We recommend switching to BlockingLoadBalancerClient instead. In order to use it, set the value of `spring.cloud.loadbalancer.ribbon.enabled` to `false` or remove spring-cloud-starter-netflix-ribbon from your project.
2020-04-03 20:09:10,636 INFO springfox.documentation.spring.web.plugins.DocumentationPluginsBootstrapper [main] Context refreshed
2020-04-03 20:09:10,663 INFO springfox.documentation.spring.web.plugins.DocumentationPluginsBootstrapper [main] Found 1 custom documentation plugin(s)
2020-04-03 20:09:10,715 INFO springfox.documentation.spring.web.scanners.ApiListingReferenceScanner [main] Scanning for api listing references
2020-04-03 20:09:10,915 INFO springfox.documentation.spring.web.readers.operation.CachingOperationNameGenerator [main] Generating unique operation named: handleUsingGET_1
2020-04-03 20:09:10,920 INFO springfox.documentation.spring.web.readers.operation.CachingOperationNameGenerator [main] Generating unique operation named: handleUsingGET_2
2020-04-03 20:09:11,028 INFO com.sapient.rulesengine.RulesEngineApplicationTests [main] Started RulesEngineApplicationTests in 11.457 seconds (JVM running for 13.877)
2020-04-03 20:09:11,990 DEBUG com.sapient.logger.LeaderboardAspectLogger [main] Before
2020-04-03 20:09:11,990 DEBUG com.sapient.logger.LeaderboardAspectLogger [main] After
2020-04-03 20:09:12,062 DEBUG com.sapient.logger.LeaderboardAspectLogger [main] Before
2020-04-03 20:09:12,063 DEBUG com.sapient.logger.LeaderboardAspectLogger [main] After
2020-04-03 20:09:14,226 INFO org.springframework.cloud.netflix.eureka.InstanceInfoFactory [SpringContextShutdownHook] Setting initial instance status as: STARTING
2020-04-03 20:09:14,230 INFO org.springframework.cloud.netflix.eureka.serviceregistry.EurekaServiceRegistry [SpringContextShutdownHook] Unregistering application RULES-ENGINE with eureka with status DOWN
2020-04-03 20:09:14,238 INFO org.springframework.scheduling.concurrent.ThreadPoolTaskExecutor [SpringContextShutdownHook] Shutting down ExecutorService 'applicationTaskExecutor'
